0 info it worked if it ends with ok
1 verbose cli [
1 verbose cli   'C:\\Program Files\\nodejs\\node.exe',
1 verbose cli   'C:\\Users\\Pc\\node_modules\\npm\\bin\\npm-cli.js',
1 verbose cli   'run',
1 verbose cli   'dev'
1 verbose cli ]
2 info using npm@2.15.12
3 info using node@v22.14.0
4 verbose run-script [ 'predev', 'dev', 'postdev' ]
5 info predev theme@4.0.1
6 info dev theme@4.0.1
7 verbose unsafe-perm in lifecycle true
8 info theme@4.0.1 Failed to exec dev script
9 verbose stack Error: theme@4.0.1 dev: `cross-env NODE_ENV=development postcss ./src/styles.css -o ../static/css/dist/styles.css --watch`
9 verbose stack Exit status 134
9 verbose stack     at EventEmitter.<anonymous> (C:\Users\Pc\node_modules\npm\lib\utils\lifecycle.js:217:16)
9 verbose stack     at EventEmitter.emit (node:events:518:28)
9 verbose stack     at ChildProcess.<anonymous> (C:\Users\Pc\node_modules\npm\lib\utils\spawn.js:24:14)
9 verbose stack     at ChildProcess.emit (node:events:518:28)
9 verbose stack     at maybeClose (node:internal/child_process:1101:16)
9 verbose stack     at ChildProcess._handle.onexit (node:internal/child_process:304:5)
10 verbose pkgid theme@4.0.1
11 verbose cwd C:\Users\Pc\Documents\Studia\WWW\geopaths\theme\static_src
12 error Windows_NT 10.0.19045
13 error argv "C:\\Program Files\\nodejs\\node.exe" "C:\\Users\\Pc\\node_modules\\npm\\bin\\npm-cli.js" "run" "dev"
14 error node v22.14.0
15 error npm  v2.15.12
16 error code ELIFECYCLE
17 error theme@4.0.1 dev: `cross-env NODE_ENV=development postcss ./src/styles.css -o ../static/css/dist/styles.css --watch`
17 error Exit status 134
18 error Failed at the theme@4.0.1 dev script 'cross-env NODE_ENV=development postcss ./src/styles.css -o ../static/css/dist/styles.css --watch'.
18 error This is most likely a problem with the theme package,
18 error not with npm itself.
18 error Tell the author that this fails on your system:
18 error     cross-env NODE_ENV=development postcss ./src/styles.css -o ../static/css/dist/styles.css --watch
18 error You can get information on how to open an issue for this project with:
18 error     npm bugs theme
18 error Or if that isn't available, you can get their info via:
18 error
18 error     npm owner ls theme
18 error There is likely additional logging output above.
19 verbose exit [ 1, true ]
